# JRE version: OpenJDK Runtime Environment (8.0_242-b01) (build 1.8.0_242-release-1644-b01)
# Java VM: OpenJDK 64-Bit Server VM (25.242-b01 mixed mode windows-amd64 compressed oops)
Heap:
 PSYoungGen      total 567808K, used 121753K [0x00000000d5580000, 0x0000000100000000, 0x0000000100000000)
  eden space 516096K, 20% used [0x00000000d5580000,0x00000000dbca3d68,0x00000000f4d80000)
  from space 51712K, 31% used [0x00000000f4d80000,0x00000000f5d42960,0x00000000f8000000)
  to   space 50176K, 0% used [0x00000000fcf00000,0x00000000fcf00000,0x0000000100000000)
 ParOldGen       total 195584K, used 156624K [0x0000000080000000, 0x000000008bf00000, 0x00000000d5580000)
  object space 195584K, 80% used [0x0000000080000000,0x00000000898f41e8,0x000000008bf00000)
 Metaspace       used 106912K, capacity 113224K, committed 113496K, reserved 1146880K
  class space    used 13951K, capacity 15168K, committed 15232K, reserved 1048576K
GC Heap History (10 events):
Event: 1292.595 GC heap before
{Heap before GC invocations=25 (full 4):
 PSYoungGen      total 360448K, used 360439K [0x00000000d5580000, 0x00000000f2000000, 0x0000000100000000)
  eden space 320512K, 100% used [0x00000000d5580000,0x00000000e8e80000,0x00000000e8e80000)
  from space 39936K, 99% used [0x00000000ec500000,0x00000000eebfddd0,0x00000000eec00000)
  to   space 55808K, 0% used [0x00000000e8e80000,0x00000000e8e80000,0x00000000ec500000)
 ParOldGen       total 195584K, used 90910K [0x0000000080000000, 0x000000008bf00000, 0x00000000d5580000)
  object space 195584K, 46% used [0x0000000080000000,0x00000000858c7b80,0x000000008bf00000)
 Metaspace       used 105710K, capacity 111934K, committed 112216K, reserved 1146880K
  class space    used 13936K, capacity 15157K, committed 15232K, reserved 1048576K
Event: 1292.661 GC heap after
Heap after GC invocations=25 (full 4):
 PSYoungGen      total 376320K, used 40461K [0x00000000d5580000, 0x00000000f5200000, 0x0000000100000000)
  eden space 320512K, 0% used [0x00000000d5580000,0x00000000d5580000,0x00000000e8e80000)
  from space 55808K, 72% used [0x00000000e8e80000,0x00000000eb6037b0,0x00000000ec500000)
  to   space 58880K, 0% used [0x00000000f1880000,0x00000000f1880000,0x00000000f5200000)
 ParOldGen       total 195584K, used 101987K [0x0000000080000000, 0x000000008bf00000, 0x00000000d5580000)
  object space 195584K, 52% used [0x0000000080000000,0x0000000086398f90,0x000000008bf00000)
 Metaspace       used 105710K, capacity 111934K, committed 112216K, reserved 1146880K
  class space    used 13936K, capacity 15157K, committed 15232K, reserved 1048576K
}
Event: 1293.368 GC heap before
{Heap before GC invocations=26 (full 4):
 PSYoungGen      total 376320K, used 360973K [0x00000000d5580000, 0x00000000f5200000, 0x0000000100000000)
  eden space 320512K, 100% used [0x00000000d5580000,0x00000000e8e80000,0x00000000e8e80000)
  from space 55808K, 72% used [0x00000000e8e80000,0x00000000eb6037b0,0x00000000ec500000)
  to   space 58880K, 0% used [0x00000000f1880000,0x00000000f1880000,0x00000000f5200000)
 ParOldGen       total 195584K, used 101987K [0x0000000080000000, 0x000000008bf00000, 0x00000000d5580000)
  object space 195584K, 52% used [0x0000000080000000,0x0000000086398f90,0x000000008bf00000)
 Metaspace       used 106177K, capacity 112460K, committed 112728K, reserved 1146880K
  class space    used 13943K, capacity 15164K, committed 15232K, reserved 1048576K
Event: 1293.411 GC heap after
Heap after GC invocations=26 (full 4):
 PSYoungGen      total 464384K, used 22796K [0x00000000d5580000, 0x00000000f5180000, 0x0000000100000000)
  eden space 406016K, 0% used [0x00000000d5580000,0x00000000d5580000,0x00000000ee200000)
  from space 58368K, 39% used [0x00000000f1880000,0x00000000f2ec32f0,0x00000000f5180000)
  to   space 55808K, 0% used [0x00000000ee200000,0x00000000ee200000,0x00000000f1880000)
 ParOldGen       total 195584K, used 123729K [0x0000000080000000, 0x000000008bf00000, 0x00000000d5580000)
  object space 195584K, 63% used [0x0000000080000000,0x00000000878d44b8,0x000000008bf00000)
 Metaspace       used 106177K, capacity 112460K, committed 112728K, reserved 1146880K
  class space    used 13943K, capacity 15164K, committed 15232K, reserved 1048576K
}
Event: 1294.322 GC heap before
{Heap before GC invocations=27 (full 4):
 PSYoungGen      total 464384K, used 428812K [0x00000000d5580000, 0x00000000f5180000, 0x0000000100000000)
  eden space 406016K, 100% used [0x00000000d5580000,0x00000000ee200000,0x00000000ee200000)
  from space 58368K, 39% used [0x00000000f1880000,0x00000000f2ec32f0,0x00000000f5180000)
  to   space 55808K, 0% used [0x00000000ee200000,0x00000000ee200000,0x00000000f1880000)
 ParOldGen       total 195584K, used 123729K [0x0000000080000000, 0x000000008bf00000, 0x00000000d5580000)
  object space 195584K, 63% used [0x0000000080000000,0x00000000878d44b8,0x000000008bf00000)
 Metaspace       used 106684K, capacity 112992K, committed 113240K, reserved 1146880K
  class space    used 13946K, capacity 15164K, committed 15232K, reserved 1048576K
Event: 1294.358 GC heap after
Heap after GC invocations=27 (full 4):
 PSYoungGen      total 461824K, used 17560K [0x00000000d5580000, 0x00000000fb780000, 0x0000000100000000)
  eden space 406016K, 0% used [0x00000000d5580000,0x00000000d5580000,0x00000000ee200000)
  from space 55808K, 31% used [0x00000000ee200000,0x00000000ef3263e0,0x00000000f1880000)
  to   space 53760K, 0% used [0x00000000f8300000,0x00000000f8300000,0x00000000fb780000)
 ParOldGen       total 195584K, used 134524K [0x0000000080000000, 0x000000008bf00000, 0x00000000d5580000)
  object space 195584K, 68% used [0x0000000080000000,0x000000008835f148,0x000000008bf00000)
 Metaspace       used 106684K, capacity 112992K, committed 113240K, reserved 1146880K
  class space    used 13946K, capacity 15164K, committed 15232K, reserved 1048576K
}
Event: 1295.602 GC heap before
{Heap before GC invocations=28 (full 4):
 PSYoungGen      total 461824K, used 423576K [0x00000000d5580000, 0x00000000fb780000, 0x0000000100000000)
  eden space 406016K, 100% used [0x00000000d5580000,0x00000000ee200000,0x00000000ee200000)
  from space 55808K, 31% used [0x00000000ee200000,0x00000000ef3263e0,0x00000000f1880000)
  to   space 53760K, 0% used [0x00000000f8300000,0x00000000f8300000,0x00000000fb780000)
 ParOldGen       total 195584K, used 134524K [0x0000000080000000, 0x000000008bf00000, 0x00000000d5580000)
  object space 195584K, 68% used [0x0000000080000000,0x000000008835f148,0x000000008bf00000)
 Metaspace       used 106862K, capacity 113160K, committed 113240K, reserved 1146880K
  class space    used 13951K, capacity 15168K, committed 15232K, reserved 1048576K
Event: 1295.646 GC heap after
Heap after GC invocations=28 (full 4):
 PSYoungGen      total 564736K, used 18958K [0x00000000d5580000, 0x00000000fb280000, 0x0000000100000000)
  eden space 516096K, 0% used [0x00000000d5580000,0x00000000d5580000,0x00000000f4d80000)
  from space 48640K, 38% used [0x00000000f8300000,0x00000000f9583a38,0x00000000fb280000)
  to   space 51712K, 0% used [0x00000000f4d80000,0x00000000f4d80000,0x00000000f8000000)
 ParOldGen       total 195584K, used 143051K [0x0000000080000000, 0x000000008bf00000, 0x00000000d5580000)
  object space 195584K, 73% used [0x0000000080000000,0x0000000088bb2f70,0x000000008bf00000)
 Metaspace       used 106862K, capacity 113160K, committed 113240K, reserved 1146880K
  class space    used 13951K, capacity 15168K, committed 15232K, reserved 1048576K
}
Event: 1296.609 GC heap before
{Heap before GC invocations=29 (full 4):
 PSYoungGen      total 564736K, used 535054K [0x00000000d5580000, 0x00000000fb280000, 0x0000000100000000)
  eden space 516096K, 100% used [0x00000000d5580000,0x00000000f4d80000,0x00000000f4d80000)
  from space 48640K, 38% used [0x00000000f8300000,0x00000000f9583a38,0x00000000fb280000)
  to   space 51712K, 0% used [0x00000000f4d80000,0x00000000f4d80000,0x00000000f8000000)
 ParOldGen       total 195584K, used 143051K [0x0000000080000000, 0x000000008bf00000, 0x00000000d5580000)
  object space 195584K, 73% used [0x0000000080000000,0x0000000088bb2f70,0x000000008bf00000)
 Metaspace       used 106908K, capacity 113224K, committed 113496K, reserved 1146880K
  class space    used 13951K, capacity 15168K, committed 15232K, reserved 1048576K
Event: 1297.002 GC heap after
Heap after GC invocations=29 (full 4):
 PSYoungGen      total 567808K, used 16138K [0x00000000d5580000, 0x0000000100000000, 0x0000000100000000)
  eden space 516096K, 0% used [0x00000000d5580000,0x00000000d5580000,0x00000000f4d80000)
  from space 51712K, 31% used [0x00000000f4d80000,0x00000000f5d42960,0x00000000f8000000)
  to   space 50176K, 0% used [0x00000000fcf00000,0x00000000fcf00000,0x0000000100000000)
 ParOldGen       total 195584K, used 156624K [0x0000000080000000, 0x000000008bf00000, 0x00000000d5580000)
  object space 195584K, 80% used [0x0000000080000000,0x00000000898f41e8,0x000000008bf00000)
 Metaspace       used 106908K, capacity 113224K, committed 113496K, reserved 1146880K
  class space    used 13951K, capacity 15168K, committed 15232K, reserved 1048576K
}

